Arguments: 
  C:\Program Files\nodejs\node.exe C:\Program Files (x86)\Yarn\bin\yarn.js install

PATH: 
  C:\Program Files\Git\mingw64\bin;C:\Program Files\Git\usr\bin;C:\Users\dan.lane\bin;C:\Windows\system32;C:\Windows;C:\Windows\System32\Wbem;C:\Windows\System32\WindowsPowerShell\v1.0;C:\Windows\System32\OpenSSH;C:\Program Files (x86)\NVIDIA Corporation\PhysX\Common;C:\Program Files\NVIDIA Corporation\NVIDIA NvDLISR;C:\Program Files\Git\cmd;C:\Program Files (x86)\Yarn\bin;C:\Program Files\nodejs;C:\Users\dan.lane\AppData\Local\Microsoft\WindowsApps;C:\Users\dan.lane\AppData\Local\Programs\Microsoft VS Code\bin;C:\Users\dan.lane\AppData\Local\Yarn\bin;C:\Users\dan.lane\AppData\Roaming\npm

Yarn version: 
  1.22.5

Node version: 
  14.15.0

Platform: 
  win32 x64

Trace: 
  SyntaxError: C:\Users\dan.lane\Apps\test-package\package.json: Unexpected token < in JSON at position 37
      at JSON.parse (<anonymous>)
      at C:\Program Files (x86)\Yarn\lib\cli.js:1625:59
      at Generator.next (<anonymous>)
      at step (C:\Program Files (x86)\Yarn\lib\cli.js:310:30)
      at C:\Program Files (x86)\Yarn\lib\cli.js:321:13

npm manifest: 
  {
    "name": "test-package-dan-lane",
  <<<<<<< HEAD
    "version": "1.0.20",
  =======
    "version": "1.0.21",
  >>>>>>> new-stuff
    "description": "",
    "main": "./build/index.js",
    "scripts": {
      "build": "webpack",
      "storybook": "start-storybook -p 6006",
      "build-storybook": "build-storybook"
    },
    "author": "",
    "license": "ISC",
    "dependencies": {
      "color": "^3.1.3",
      "prop-types": "^15.7.2",
      "react": "^17.0.1",
      "react-dom": "^17.0.1",
      "styled-components": "^5.2.1"
    },
    "devDependencies": {
      "@babel/core": "^7.7.5",
      "@babel/preset-env": "^7.7.6",
      "@babel/preset-react": "^7.7.4",
      "@storybook/addon-a11y": "^6.1.12",
      "@storybook/addon-actions": "^6.1.12",
      "@storybook/addon-essentials": "^6.1.12",
      "@storybook/addon-links": "^6.1.12",
      "@storybook/react": "^6.1.12",
      "babel-loader": "^8.0.6",
      "babel-plugin-styled-components": "^1.12.0",
      "css-loader": "^3.3.0",
      "file-loader": "^6.2.0",
      "style-loader": "^1.0.1",
      "webpack": "^4.41.2",
      "webpack-cli": "^3.3.10",
      "webpack-merge": "^5.7.3"
    }
  }

yarn manifest: 
  No manifest

Lockfile: 
  No lockfile
